<?xml version="1.0" encoding="UTF-8"?>
<!-- Generated by org.testng.reporters.JUnitReportReporter -->
<testsuite name="cucumberWebTest.stepDefinitions.api.RunApiTest" tests="1" time="4.005" ignored="0" failures="0" timestamp="26 Mar 2019 06:39:40 GMT" skipped="0" hostname="DESKTOP-G6K676G" errors="0">
  <testcase name="runCukes" time="4.005" classname="cucumberWebTest.stepDefinitions.api.RunApiTest"/>
</testsuite> <!-- cucumberWebTest.stepDefinitions.api.RunApiTest -->
