<?xml version="1.0" encoding="UTF-8"?>
<!-- Generated by org.testng.reporters.JUnitReportReporter -->
<testsuite name="cucumberWebTest.stepDefinitions.frontend.RunWebTest" tests="3" time="48.871" ignored="0" failures="0" timestamp="26 Mar 2019 06:39:40 GMT" skipped="0" hostname="DESKTOP-G6K676G" errors="0">
  <testcase name="runScenario" time="15.592" classname="cucumberWebTest.stepDefinitions.frontend.RunWebTest"/>
  <testcase name="runScenario" time="10.850" classname="cucumberWebTest.stepDefinitions.frontend.RunWebTest"/>
  <testcase name="runCukes" time="22.429" classname="cucumberWebTest.stepDefinitions.frontend.RunWebTest"/>
</testsuite> <!-- cucumberWebTest.stepDefinitions.frontend.RunWebTest -->
